#
# There is insufficient memory for the Java Runtime Environment to continue.
# Native memory allocation (malloc) failed to allocate 4092 bytes for AllocateHeap
# Possible reasons:
#   The system is out of physical RAM or swap space
#   In 32 bit mode, the process size limit was hit
# Possible solutions:
#   Reduce memory load on the system
#   Increase physical memory or swap space
#   Check if swap backing store is full
#   Use 64 bit Java on a 64 bit OS
#   Decrease Java heap size (-Xmx/-Xms)
#   Decrease number of Java threads
#   Decrease Java thread stack sizes (-Xss)
#   Set larger code cache with -XX:ReservedCodeCacheSize=
# This output file may be truncated or incomplete.
#
#  Out of Memory Error (memory/allocation.inline.hpp:61), pid=2392, tid=0x00003408
#
# JRE version: Java(TM) SE Runtime Environment (8.0_121-b13) (build 1.8.0_121-b13)
# Java VM: Java HotSpot(TM) Client VM (25.121-b13 mixed mode windows-x86 )
# Failed to write core dump. Minidumps are not enabled by default on client versions of Windows
#

---------------  T H R E A D  ---------------

Current thread (0x14551400):  VMThread [stack: 0x01dd0000,0x01e20000] [id=13320]

Stack: [0x01dd0000,0x01e20000],  sp=0x01e1ed40,  free space=315k
Native frames: (J=compiled Java code, j=interpreted, Vv=VM code, C=native code)
V  [jvm.dll+0x1aa3bb]
V  [jvm.dll+0x1a2bf8]
V  [jvm.dll+0x94aad]
V  [jvm.dll+0x2766ef]
V  [jvm.dll+0xd3788]
V  [jvm.dll+0xd38fd]
V  [jvm.dll+0x1b5911]
V  [jvm.dll+0x1b5b0c]
V  [jvm.dll+0x17a6b3]
V  [jvm.dll+0x1791ea]
V  [jvm.dll+0x98650]
V  [jvm.dll+0x99941]
V  [jvm.dll+0x9b740]
V  [jvm.dll+0x9bba9]
V  [jvm.dll+0x9a92f]
V  [jvm.dll+0xa6c62]
V  [jvm.dll+0x99513]
V  [jvm.dll+0x99a3e]
V  [jvm.dll+0x99bd1]
V  [jvm.dll+0x783f0]
V  [jvm.dll+0x1b90bd]
V  [jvm.dll+0x1830fb]
V  [jvm.dll+0x182511]
V  [jvm.dll+0x182927]
V  [jvm.dll+0x182b22]
V  [jvm.dll+0x1c2ae6]
C  [msvcr100.dll+0x5c556]
C  [msvcr100.dll+0x5c600]
C  [KERNEL32.DLL+0x19ba4]
C  [ntdll.dll+0x6ac9b]
C  [ntdll.dll+0x6ac6f]

VM_Operation (0x1552dac4): CollectForMetadataAllocation, mode: safepoint, requested by thread 0x14ed9000


---------------  P R O C E S S  ---------------

Java Threads: ( => current thread )
  0x14ed9000 JavaThread "background-preinit" [_thread_blocked, id=12636, stack(0x154e0000,0x15530000)]
  0x145a0c00 JavaThread "Service Thread" daemon [_thread_blocked, id=7888, stack(0x14ac0000,0x14b10000)]
  0x1459dc00 JavaThread "C1 CompilerThread0" daemon [_thread_blocked, id=1056, stack(0x14a70000,0x14ac0000)]
  0x14597c00 JavaThread "JDWP Command Reader" daemon [_thread_in_native, id=13640, stack(0x14a20000,0x14a70000)]
  0x14594c00 JavaThread "JDWP Event Helper Thread" daemon [_thread_blocked, id=6972, stack(0x149d0000,0x14a20000)]
  0x14592800 JavaThread "JDWP Transport Listener: dt_socket" daemon [_thread_blocked, id=12172, stack(0x14980000,0x149d0000)]
  0x1458c000 JavaThread "Attach Listener" daemon [_thread_blocked, id=14384, stack(0x14930000,0x14980000)]
  0x1458a000 JavaThread "Signal Dispatcher" daemon [_thread_blocked, id=16164, stack(0x148e0000,0x14930000)]
  0x1456dc00 JavaThread "Finalizer" daemon [_thread_blocked, id=7232, stack(0x147a0000,0x147f0000)]
  0x14558000 JavaThread "Reference Handler" daemon [_thread_blocked, id=12400, stack(0x14750000,0x147a0000)]
  0x01e31400 JavaThread "main" [_thread_blocked, id=12632, stack(0x01d40000,0x01d90000)]

Other Threads:
=>0x14551400 VMThread [stack: 0x01dd0000,0x01e20000] [id=13320]
  0x1459f400 WatcherThread [stack: 0x14b10000,0x14b60000] [id=7860]

VM state:at safepoint (normal execution)

VM Mutex/Monitor currently owned by a thread:  ([mutex/lock_event])
[0x01e2e7d0] Threads_lock - owner thread: 0x14551400
[0x01e30148] Heap_lock - owner thread: 0x14ed9000

Heap:
 def new generation   total 4992K, used 3956K [0x04000000, 0x04560000, 0x09550000)
  eden space 4480K,  76% used [0x04000000, 0x0435d1e0, 0x04460000)
  from space 512K, 100% used [0x044e0000, 0x04560000, 0x04560000)
  to   space 512K,   0% used [0x04460000, 0x04460000, 0x044e0000)
 tenured generation   total 10944K, used 2614K [0x09550000, 0x0a000000, 0x14000000)
   the space 10944K,  23% used [0x09550000, 0x097ddb18, 0x097ddc00, 0x0a000000)
 Metaspace       used 6611K, capacity 6656K, committed 6656K, reserved 13696K

Card table byte_map: [0x14000000,0x14090000] byte_map_base: 0x13fe0000

Polling page: 0x01da0000

CodeCache: size=32768Kb used=1193Kb max_used=1193Kb free=31574Kb
 bounds [0x02000000, 0x02130000, 0x04000000]
 total_blobs=468 nmethods=323 adapters=84
 compilation: enabled

Compilation events (10 events):
Event: 17.614 Thread 0x1459dc00 nmethod 320 0x02129908 code [0x02129a50, 0x02129c4c]
Event: 17.686 Thread 0x1459dc00  321             java.lang.reflect.Method::getReturnType (5 bytes)
Event: 17.686 Thread 0x1459dc00 nmethod 321 0x02129ec8 code [0x02129fc0, 0x0212a040]
Event: 17.687 Thread 0x1459dc00  322             java.lang.Enum::ordinal (5 bytes)
Event: 17.687 Thread 0x1459dc00 nmethod 322 0x0212a088 code [0x0212a180, 0x0212a200]
Event: 17.695 Thread 0x1459dc00  323             sun.misc.URLClassPath$JarLoader::access$700 (5 bytes)
Event: 17.695 Thread 0x1459dc00 nmethod 323 0x0212a248 code [0x0212a340, 0x0212a3b0]
Event: 17.716 Thread 0x1459dc00  324             com.sun.org.apache.xerces.internal.util.XMLChar::isContent (35 bytes)
Event: 17.716 Thread 0x1459dc00 nmethod 324 0x0212a408 code [0x0212a500, 0x0212a5e0]
Event: 17.716 Thread 0x1459dc00  325             com.sun.org.apache.xerces.internal.impl.XMLEntityScanner::scanLiteral (755 bytes)

GC Heap History (10 events):
Event: 17.077 GC heap after
Heap after GC invocations=6 (full 0):
 def new generation   total 4928K, used 512K [0x04000000, 0x04550000, 0x09550000)
  eden space 4416K,   0% used [0x04000000, 0x04000000, 0x04450000)
  from space 512K, 100% used [0x04450000, 0x044d0000, 0x044d0000)
  to   space 512K,   0% used [0x044d0000, 0x044d0000, 0x04550000)
 tenured generation   total 10944K, used 2112K [0x09550000, 0x0a000000, 0x14000000)
   the space 10944K,  19% used [0x09550000, 0x09760178, 0x09760200, 0x0a000000)
 Metaspace       used 4969K, capacity 5017K, committed 5120K, reserved 5504K
}
Event: 17.228 GC heap before
{Heap before GC invocations=6 (full 0):
 def new generation   total 4928K, used 4928K [0x04000000, 0x04550000, 0x09550000)
  eden space 4416K, 100% used [0x04000000, 0x04450000, 0x04450000)
  from space 512K, 100% used [0x04450000, 0x044d0000, 0x044d0000)
  to   space 512K,   0% used [0x044d0000, 0x044d0000, 0x04550000)
 tenured generation   total 10944K, used 2112K [0x09550000, 0x0a000000, 0x14000000)
   the space 10944K,  19% used [0x09550000, 0x09760178, 0x09760200, 0x0a000000)
 Metaspace       used 5436K, capacity 5465K, committed 5504K, reserved 5504K
Event: 17.230 GC heap after
Heap after GC invocations=7 (full 0):
 def new generation   total 4928K, used 511K [0x04000000, 0x04550000, 0x09550000)
  eden space 4416K,   0% used [0x04000000, 0x04000000, 0x04450000)
  from space 512K,  99% used [0x044d0000, 0x0454fff8, 0x04550000)
  to   space 512K,   0% used [0x04450000, 0x04450000, 0x044d0000)
 tenured generation   total 10944K, used 2369K [0x09550000, 0x0a000000, 0x14000000)
   the space 10944K,  21% used [0x09550000, 0x097a0738, 0x097a0800, 0x0a000000)
 Metaspace       used 5436K, capacity 5465K, committed 5504K, reserved 5504K
}
Event: 17.239 GC heap before
{Heap before GC invocations=7 (full 0):
 def new generation   total 4928K, used 1193K [0x04000000, 0x04550000, 0x09550000)
  eden space 4416K,  15% used [0x04000000, 0x040aa4d0, 0x04450000)
  from space 512K,  99% used [0x044d0000, 0x0454fff8, 0x04550000)
  to   space 512K,   0% used [0x04450000, 0x04450000, 0x044d0000)
 tenured generation   total 10944K, used 2369K [0x09550000, 0x0a000000, 0x14000000)
   the space 10944K,  21% used [0x09550000, 0x097a0738, 0x097a0800, 0x0a000000)
 Metaspace       used 5489K, capacity 5497K, committed 5504K, reserved 7552K
Event: 17.245 GC heap after
Heap after GC invocations=8 (full 1):
 def new generation   total 4992K, used 0K [0x04000000, 0x04560000, 0x09550000)
  eden space 4480K,   0% used [0x04000000, 0x04000000, 0x04460000)
  from space 512K,   0% used [0x04460000, 0x04460000, 0x044e0000)
  to   space 512K,   0% used [0x044e0000, 0x044e0000, 0x04560000)
 tenured generation   total 10944K, used 2570K [0x09550000, 0x0a000000, 0x14000000)
   the space 10944K,  23% used [0x09550000, 0x097d2ac0, 0x097d2c00, 0x0a000000)
 Metaspace       used 5489K, capacity 5497K, committed 5504K, reserved 6528K
}
Event: 17.245 GC heap before
{Heap before GC invocations=8 (full 1):
 def new generation   total 4992K, used 0K [0x04000000, 0x04560000, 0x09550000)
  eden space 4480K,   0% used [0x04000000, 0x04000000, 0x04460000)
  from space 512K,   0% used [0x04460000, 0x04460000, 0x044e0000)
  to   space 512K,   0% used [0x044e0000, 0x044e0000, 0x04560000)
 tenured generation   total 10944K, used 2570K [0x09550000, 0x0a000000, 0x14000000)
   the space 10944K,  23% used [0x09550000, 0x097d2ac0, 0x097d2c00, 0x0a000000)
 Metaspace       used 5489K, capacity 5497K, committed 5504K, reserved 8576K
Event: 17.250 GC heap after
Heap after GC invocations=9 (full 2):
 def new generation   total 4992K, used 0K [0x04000000, 0x04560000, 0x09550000)
  eden space 4480K,   0% used [0x04000000, 0x04000000, 0x04460000)
  from space 512K,   0% used [0x04460000, 0x04460000, 0x044e0000)
  to   space 512K,   0% used [0x044e0000, 0x044e0000, 0x04560000)
 tenured generation   total 10944K, used 2570K [0x09550000, 0x0a000000, 0x14000000)
   the space 10944K,  23% used [0x09550000, 0x097d2ac0, 0x097d2c00, 0x0a000000)
 Metaspace       used 5487K, capacity 5495K, committed 5504K, reserved 6528K
}
Event: 17.436 GC heap before
{Heap before GC invocations=9 (full 2):
 def new generation   total 4992K, used 4480K [0x04000000, 0x04560000, 0x09550000)
  eden space 4480K, 100% used [0x04000000, 0x04460000, 0x04460000)
  from space 512K,   0% used [0x04460000, 0x04460000, 0x044e0000)
  to   space 512K,   0% used [0x044e0000, 0x044e0000, 0x04560000)
 tenured generation   total 10944K, used 2570K [0x09550000, 0x0a000000, 0x14000000)
   the space 10944K,  23% used [0x09550000, 0x097d2ac0, 0x097d2c00, 0x0a000000)
 Metaspace       used 5800K, capacity 5847K, committed 5888K, reserved 7552K
Event: 17.438 GC heap after
Heap after GC invocations=10 (full 2):
 def new generation   total 4992K, used 512K [0x04000000, 0x04560000, 0x09550000)
  eden space 4480K,   0% used [0x04000000, 0x04000000, 0x04460000)
  from space 512K, 100% used [0x044e0000, 0x04560000, 0x04560000)
  to   space 512K,   0% used [0x04460000, 0x04460000, 0x044e0000)
 tenured generation   total 10944K, used 2614K [0x09550000, 0x0a000000, 0x14000000)
   the space 10944K,  23% used [0x09550000, 0x097ddb18, 0x097ddc00, 0x0a000000)
 Metaspace       used 5800K, capacity 5847K, committed 5888K, reserved 7552K
}
Event: 17.717 GC heap before
{Heap before GC invocations=10 (full 2):
 def new generation   total 4992K, used 3956K [0x04000000, 0x04560000, 0x09550000)
  eden space 4480K,  76% used [0x04000000, 0x0435d1e0, 0x04460000)
  from space 512K, 100% used [0x044e0000, 0x04560000, 0x04560000)
  to   space 512K,   0% used [0x04460000, 0x04460000, 0x044e0000)
 tenured generation   total 10944K, used 2614K [0x09550000, 0x0a000000, 0x14000000)
   the space 10944K,  23% used [0x09550000, 0x097ddb18, 0x097ddc00, 0x0a000000)
 Metaspace       used 6611K, capacity 6656K, committed 6656K, reserved 13696K

Deoptimization events (0 events):
No events

Internal exceptions (10 events):
Event: 17.251 Thread 0x14ed9000 Exception <a 'java/lang/OutOfMemoryError'> (0x09618150) thrown at [C:\workspace\8-2-build-windows-i586-cygwin\jdk8u121\8372\hotspot\src\share\vm\memory\metaspace.cpp, line 3569]
Event: 17.251 Thread 0x14ed9000 Exception <a 'java/lang/OutOfMemoryError'> (0x09618150) thrown at [C:\workspace\8-2-build-windows-i586-cygwin\jdk8u121\8372\hotspot\src\share\vm\prims\jvm.cpp, line 1394]
Event: 17.251 Thread 0x14ed9000 Exception <a 'java/lang/OutOfMemoryError'> (0x09618150) thrown at [C:\workspace\8-2-build-windows-i586-cygwin\jdk8u121\8372\hotspot\src\share\vm\oops\instanceKlass.cpp, line 964]
Event: 17.503 Thread 0x01e31400 Exception <a 'java/lang/ArrayIndexOutOfBoundsException'> (0x0409d170) thrown at [C:\workspace\8-2-build-windows-i586-cygwin\jdk8u121\8372\hotspot\src\share\vm\runtime\sharedRuntime.cpp, line 605]
Event: 17.504 Thread 0x01e31400 Exception <a 'java/lang/ArrayIndexOutOfBoundsException'> (0x040a0060) thrown at [C:\workspace\8-2-build-windows-i586-cygwin\jdk8u121\8372\hotspot\src\share\vm\runtime\sharedRuntime.cpp, line 605]
Event: 17.505 Thread 0x01e31400 Exception <a 'java/lang/ArrayIndexOutOfBoundsException'> (0x040a4420) thrown at [C:\workspace\8-2-build-windows-i586-cygwin\jdk8u121\8372\hotspot\src\share\vm\runtime\sharedRuntime.cpp, line 605]
Event: 17.506 Thread 0x01e31400 Exception <a 'java/lang/ArrayIndexOutOfBoundsException'> (0x040bce30) thrown at [C:\workspace\8-2-build-windows-i586-cygwin\jdk8u121\8372\hotspot\src\share\vm\runtime\sharedRuntime.cpp, line 605]
Event: 17.507 Thread 0x01e31400 Exception <a 'java/lang/ArrayIndexOutOfBoundsException'> (0x040c4938) thrown at [C:\workspace\8-2-build-windows-i586-cygwin\jdk8u121\8372\hotspot\src\share\vm\runtime\sharedRuntime.cpp, line 605]
Event: 17.507 Thread 0x01e31400 Exception <a 'java/lang/ArrayIndexOutOfBoundsException'> (0x040cfa70) thrown at [C:\workspace\8-2-build-windows-i586-cygwin\jdk8u121\8372\hotspot\src\share\vm\runtime\sharedRuntime.cpp, line 605]
Event: 17.544 Thread 0x01e31400 Exception <a 'java/lang/NoSuchMethodError': org.slf4j.impl.StaticMDCBinder.getSingleton()Lorg/slf4j/impl/StaticMDCBinder;> (0x04178268) thrown at [C:\workspace\8-2-build-windows-i586-cygwin\jdk8u121\8372\hotspot\src\share\vm\interpreter\linkResolver.cpp, 

Events (10 events):
Event: 17.695 Thread 0x01e31400 DEOPT UNPACKING pc=0x0203c5db sp=0x01d8f4cc mode 1
Event: 17.713 loading class groovy/lang/MetaObjectProtocol
Event: 17.713 loading class groovy/lang/MetaObjectProtocol done
Event: 17.713 Thread 0x01e31400 DEOPT PACKING pc=0x021291fc sp=0x01d8e0a0
Event: 17.713 Thread 0x01e31400 DEOPT UNPACKING pc=0x0203c5db sp=0x01d8df50 mode 1
Event: 17.713 Thread 0x01e31400 DEOPT PACKING pc=0x021156e8 sp=0x01d8e0f0
Event: 17.713 Thread 0x01e31400 DEOPT UNPACKING pc=0x0203c5db sp=0x01d8e010 mode 1
Event: 17.713 Thread 0x01e31400 DEOPT PACKING pc=0x02115654 sp=0x01d8e1d0
Event: 17.713 Thread 0x01e31400 DEOPT UNPACKING pc=0x0203c5db sp=0x01d8e0fc mode 1
Event: 17.717 Executing VM operation: CollectForMetadataAllocation


Dynamic libraries:
0x003c0000 - 0x003f3000 	C:\Program Files\Java\jdk1.8.0_121\bin\java.exe
0x77610000 - 0x7779d000 	C:\WINDOWS\SYSTEM32\ntdll.dll
0x76b80000 - 0x76c15000 	C:\WINDOWS\System32\KERNEL32.DLL
0x74d40000 - 0x74f05000 	C:\WINDOWS\System32\KERNELBASE.dll
0x72bd0000 - 0x72c63000 	C:\WINDOWS\SYSTEM32\apphelp.dll
0x769c0000 - 0x76a37000 	C:\WINDOWS\System32\ADVAPI32.dll
0x77040000 - 0x770fd000 	C:\WINDOWS\System32\msvcrt.dll
0x76b30000 - 0x76b71000 	C:\WINDOWS\System32\sechost.dll
0x77130000 - 0x771f7000 	C:\WINDOWS\System32\RPCRT4.dll
0x774e0000 - 0x77610000 	C:\WINDOWS\System32\USER32.dll
0x74f10000 - 0x74f2a000 	C:\WINDOWS\System32\win32u.dll
0x76840000 - 0x76861000 	C:\WINDOWS\System32\GDI32.dll
0x743b0000 - 0x7450e000 	C:\WINDOWS\System32\gdi32full.dll
0x742a0000 - 0x74319000 	C:\WINDOWS\System32\msvcp_win.dll
0x74690000 - 0x747a8000 	C:\WINDOWS\System32\ucrtbase.dll
0x6a8b0000 - 0x6aabe000 	C:\WINDOWS\WinSxS\x86_microsoft.windows.common-controls_6595b64144ccf1df_6.0.15063.0_none_583b8639f462029f\COMCTL32.dll
0x76590000 - 0x767c8000 	C:\WINDOWS\System32\combase.dll
0x741f0000 - 0x74247000 	C:\WINDOWS\System32\bcryptPrimitives.dll
0x77100000 - 0x77126000 	C:\WINDOWS\System32\IMM32.DLL
0x5c070000 - 0x5c12f000 	C:\Program Files\Java\jdk1.8.0_121\jre\bin\msvcr100.dll
0x6cde0000 - 0x6d1ae000 	C:\Program Files\Java\jdk1.8.0_121\jre\bin\client\jvm.dll
0x76830000 - 0x76836000 	C:\WINDOWS\System32\PSAPI.DLL
0x6bbd0000 - 0x6bbd8000 	C:\WINDOWS\SYSTEM32\WSOCK32.dll
0x6dd80000 - 0x6dda4000 	C:\WINDOWS\SYSTEM32\WINMM.dll
0x70610000 - 0x70618000 	C:\WINDOWS\SYSTEM32\VERSION.dll
0x764f0000 - 0x76557000 	C:\WINDOWS\System32\WS2_32.dll
0x6d9e0000 - 0x6da03000 	C:\WINDOWS\SYSTEM32\WINMMBASE.dll
0x741b0000 - 0x741e9000 	C:\WINDOWS\System32\cfgmgr32.dll
0x70730000 - 0x7073c000 	C:\Program Files\Java\jdk1.8.0_121\jre\bin\verify.dll
0x6b3c0000 - 0x6b3e1000 	C:\Program Files\Java\jdk1.8.0_121\jre\bin\java.dll
0x655b0000 - 0x655da000 	C:\Program Files\Java\jdk1.8.0_121\jre\bin\jdwp.dll
0x6fa80000 - 0x6fa87000 	C:\Program Files\Java\jdk1.8.0_121\jre\bin\npt.dll
0x6f9f0000 - 0x6fa03000 	C:\Program Files\Java\jdk1.8.0_121\jre\bin\zip.dll
0x75030000 - 0x76378000 	C:\WINDOWS\System32\SHELL32.dll
0x77200000 - 0x7728c000 	C:\WINDOWS\System32\shcore.dll
0x747b0000 - 0x74d34000 	C:\WINDOWS\System32\windows.storage.dll
0x767e0000 - 0x76825000 	C:\WINDOWS\System32\shlwapi.dll
0x741a0000 - 0x741ae000 	C:\WINDOWS\System32\kernel.appcore.dll
0x74140000 - 0x74185000 	C:\WINDOWS\System32\powrprof.dll
0x74130000 - 0x74140000 	C:\WINDOWS\System32\profapi.dll
0x6e190000 - 0x6e198000 	C:\Program Files\Java\jdk1.8.0_121\jre\bin\dt_socket.dll
0x73af0000 - 0x73b40000 	C:\WINDOWS\system32\mswsock.dll
0x6f860000 - 0x6f86a000 	C:\Program Files\Java\jdk1.8.0_121\jre\bin\management.dll
0x6eb10000 - 0x6eb26000 	C:\Program Files\Java\jdk1.8.0_121\jre\bin\net.dll
0x68cb0000 - 0x68cc1000 	C:\WINDOWS\system32\napinsp.dll
0x68a10000 - 0x68a26000 	C:\WINDOWS\system32\pnrpnsp.dll
0x71ec0000 - 0x71ed3000 	C:\WINDOWS\system32\NLAapi.dll
0x68a00000 - 0x68a0b000 	C:\WINDOWS\System32\winrnr.dll
0x73930000 - 0x739af000 	C:\WINDOWS\SYSTEM32\DNSAPI.dll
0x76580000 - 0x76587000 	C:\WINDOWS\System32\NSI.dll
0x73900000 - 0x7392f000 	C:\WINDOWS\SYSTEM32\IPHLPAPI.DLL
0x6d940000 - 0x6d948000 	C:\Windows\System32\rasadhlp.dll
0x6dfe0000 - 0x6e02a000 	C:\WINDOWS\System32\fwpuclnt.dll
0x74020000 - 0x7403a000 	C:\WINDOWS\SYSTEM32\bcrypt.dll

VM Arguments:
jvm_args: -agentlib:jdwp=transport=dt_socket,address=127.0.0.1:49354,suspend=y,server=n -XX:TieredStopAtLevel=1 -Xverify:none -Dspring.output.ansi.enabled=always -Dfile.encoding=UTF-8 
java_command: com.testlinenergo.StartingApplication
java_class_path (initial): C:\Program Files\Java\jdk1.8.0_121\jre\lib\charsets.jar;C:\Program Files\Java\jdk1.8.0_121\jre\lib\deploy.jar;C:\Program Files\Java\jdk1.8.0_121\jre\lib\ext\access-bridge.jar;C:\Program Files\Java\jdk1.8.0_121\jre\lib\ext\cldrdata.jar;C:\Program Files\Java\jdk1.8.0_121\jre\lib\ext\dnsns.jar;C:\Program Files\Java\jdk1.8.0_121\jre\lib\ext\jaccess.jar;C:\Program Files\Java\jdk1.8.0_121\jre\lib\ext\jfxrt.jar;C:\Program Files\Java\jdk1.8.0_121\jre\lib\ext\localedata.jar;C:\Program Files\Java\jdk1.8.0_121\jre\lib\ext\nashorn.jar;C:\Program Files\Java\jdk1.8.0_121\jre\lib\ext\sunec.jar;C:\Program Files\Java\jdk1.8.0_121\jre\lib\ext\sunjce_provider.jar;C:\Program Files\Java\jdk1.8.0_121\jre\lib\ext\sunmscapi.jar;C:\Program Files\Java\jdk1.8.0_121\jre\lib\ext\sunpkcs11.jar;C:\Program Files\Java\jdk1.8.0_121\jre\lib\ext\zipfs.jar;C:\Program Files\Java\jdk1.8.0_121\jre\lib\javaws.jar;C:\Program Files\Java\jdk1.8.0_121\jre\lib\jce.jar;C:\Program Files\Java\jdk1.8.0_121\jre\lib\jfr.jar;C:\Program Files\Java\jdk1.8.0_121\jre\lib\jfxswt.jar;C:\Program Files\Java\jdk1.8.0_121\jre\lib\jsse.jar;C:\Program Files\Java\jdk1.8.0_121\jre\lib\management-agent.jar;C:\Program Files\Java\jdk1.8.0_121\jre\lib\plugin.jar;C:\Program Files\Java\jdk1.8.0_121\jre\lib\resources.jar;C:\Program Files\Java\jdk1.8.0_121\jre\lib\rt.jar;C:\Users\kosty\Desktop\testlinenergo\target\classes;C:\Users\kosty\.m2\repository\org\springframework\boot\spring-boot-starter-data-jpa\1.5.4.RELEASE\spring-boot-starter-data-jpa-1.5.4.RELEASE.jar;C:\Users\kosty\.m2\repository\org\springframework\boot\spring-boot-starter\1.5.4.RELEASE\spring-boot-starter-1.5.4.RELEASE.jar;C:\Users\kosty\.m2\repository\org\springframework\boot\spring-boot\1.5.4.RELEASE\spring-boot-1.5.4.RELEASE.jar;C:\Users\kosty\.m2\repository\org\springframework\boot\spring-boot-autoconfigure\1.5.4.RELEASE\spring-boot-autoconfigure-1.5.4.RELEASE.jar;C:\Users\kosty\.m2\repository\org\springframework\boot\spring-boot-starter-log
Launcher Type: SUN_STANDARD

Environment Variables:
JAVA_HOME=C:\Program Files\Java\jdk1.8.0_121
PATH=C:\ProgramData\Oracle\Java\javapath;C:\WINDOWS\system32;C:\WINDOWS;C:\WINDOWS\System32\Wbem;C:\WINDOWS\System32\WindowsPowerShell\v1.0\;C:\Program Files\Microsoft SQL Server\120\Tools\Binn\;C:\Program Files\Windows Kits\10\Windows Performance Toolkit\;C:\Program Files\Brackets\command;C:\Program Files\Skype\Phone\;C:\Program Files\Git\cmd;C:\Users\kosty\apache-maven-3.3.9\bin;%USERPROFILE%\AppData\Local\Microsoft\WindowsApps;
USERNAME=kosty
OS=Windows_NT
PROCESSOR_IDENTIFIER=x86 Family 6 Model 42 Stepping 7, GenuineIntel



---------------  S Y S T E M  ---------------

OS: Windows 10.0 Build 15063 (10.0.15063.296)

CPU:total 4 (4 cores per cpu, 1 threads per core) family 6 model 42 stepping 7, cmov, cx8, fxsr, mmx, sse, sse2, sse3, ssse3, sse4.1, sse4.2, popcnt, avx, aes, clmul, tsc, tscinvbit

Memory: 4k page, physical 3660096k(236804k free), swap 14670144k(836k free)

vm_info: Java HotSpot(TM) Client VM (25.121-b13) for windows-x86 JRE (1.8.0_121-b13), built on Dec 12 2016 18:17:00 by "java_re" with MS VC++ 10.0 (VS2010)

time: Sat Jun 17 22:48:56 2017
elapsed time: 17 seconds (0d 0h 0m 17s)

